<?xml version="1.0" encoding="UTF-8"?>
<!-- Generated by org.testng.reporters.JUnitXMLReporter -->
<testsuite ignored="0" hostname="badabeeddccbcfeefcabbdcdefafeaf-0" failures="0" tests="3" name="Surefire test" time="29.016" errors="0" timestamp="2023-08-10T14:30:30 UTC">
  <testcase classname="testcases.Testcase1" name="Register" time="9.434"/>
  <testcase classname="testcases.Testcase1" name="Valid_Login_TC" time="3.919"/>
  <testcase classname="testcases.Testcase1" name="TC_Vote_003" time="3.322"/>
</testsuite> <!-- Surefire test -->
