<?xml version="1.0" encoding="UTF-8"?>
<!-- Generated by org.testng.reporters.JUnitXMLReporter -->
<testsuite ignored="0" hostname="badabeeddccbcfeefcabbdcdefafeaf-0" failures="0" tests="3" name="Surefire test" time="182.337" errors="0" timestamp="2024-03-22T07:20:20 UTC">
  <testcase classname="testcases.Testcase1" name="@BeforeMethod beforeMethod" time="181.448">
    <failure type="org.openqa.selenium.SessionNotCreatedException" message="Could not start a new session. Possible causes are invalid address of the remote server or browser start-up failure. 
Host info: host: &amp;apos;badabeeddccbcfeefcabbdcdefafeaf-0&amp;apos;, ip: &amp;apos;10.56.8.8&amp;apos;
Build info: version: &amp;apos;4.11.0&amp;apos;, revision: &amp;apos;040bc5406b&amp;apos;
System info: os.name: &amp;apos;Linux&amp;apos;, os.arch: &amp;apos;amd64&amp;apos;, os.version: &amp;apos;5.15.107+&amp;apos;, java.version: &amp;apos;11.0.22&amp;apos;
Driver info: org.openqa.selenium.remote.RemoteWebDriver
Command: [null, newSession {capabilities=[Capabilities {browserName: chrome}]}]
Capabilities {browserName: chrome}">
      <![CDATA[org.openqa.selenium.SessionNotCreatedException: Could not start a new session. Possible causes are invalid address of the remote server or browser start-up failure. 
Host info: host: 'badabeeddccbcfeefcabbdcdefafeaf-0', ip: '10.56.8.8'
Build info: version: '4.11.0', revision: '040bc5406b'
System info: os.name: 'Linux', os.arch: 'amd64', os.version: '5.15.107+', java.version: '11.0.22'
Driver info: org.openqa.selenium.remote.RemoteWebDriver
Command: [null, newSession {capabilities=[Capabilities {browserName: chrome}]}]
Capabilities {browserName: chrome}
at org.openqa.selenium.remote.RemoteWebDriver.execute(RemoteWebDriver.java:536)
at org.openqa.selenium.remote.RemoteWebDriver.startSession(RemoteWebDriver.java:232)
at org.openqa.selenium.remote.RemoteWebDriver.<init>(RemoteWebDriver.java:159)
at org.openqa.selenium.remote.RemoteWebDriver.<init>(RemoteWebDriver.java:139)
at testcases.Base.openBrowser(Base.java:60)
at testcases.Testcase1.beforeMethod(Testcase1.java:166)
at java.base/java.util.ArrayList.forEach(ArrayList.java:1541)
Caused by: java.lang.RuntimeException: NettyHttpHandler request execution error
at org.openqa.selenium.remote.http.netty.NettyHttpHandler.makeCall(NettyHttpHandler.java:76)
at org.openqa.selenium.remote.http.AddSeleniumUserAgent.lambda$apply$0(AddSeleniumUserAgent.java:42)
at org.openqa.selenium.remote.http.Filter.lambda$andFinally$1(Filter.java:55)
at org.openqa.selenium.remote.http.netty.NettyHttpHandler.execute(NettyHttpHandler.java:48)
at org.openqa.selenium.remote.http.netty.NettyClient.execute(NettyClient.java:96)
at org.openqa.selenium.remote.tracing.TracedHttpClient.execute(TracedHttpClient.java:54)
at org.openqa.selenium.remote.ProtocolHandshake.createSession(ProtocolHandshake.java:115)
at org.openqa.selenium.remote.ProtocolHandshake.createSession(ProtocolHandshake.java:96)
at org.openqa.selenium.remote.ProtocolHandshake.createSession(ProtocolHandshake.java:68)
at org.openqa.selenium.remote.HttpCommandExecutor.execute(HttpCommandExecutor.java:163)
at org.openqa.selenium.remote.TracedCommandExecutor.execute(TracedCommandExecutor.java:51)
at org.openqa.selenium.remote.RemoteWebDriver.execute(RemoteWebDriver.java:518)
... 42 more
Caused by: java.util.concurrent.ExecutionException: java.util.concurrent.TimeoutException: Request timeout to localhost/127.0.0.1:4444 after 180000 ms
at java.base/java.util.concurrent.CompletableFuture.reportGet(CompletableFuture.java:395)
at java.base/java.util.concurrent.CompletableFuture.get(CompletableFuture.java:2028)
at org.asynchttpclient.netty.NettyResponseFuture.get(NettyResponseFuture.java:206)
at org.openqa.selenium.remote.http.netty.NettyHttpHandler.makeCall(NettyHttpHandler.java:59)
... 53 more
Caused by: java.util.concurrent.TimeoutException: Request timeout to localhost/127.0.0.1:4444 after 180000 ms
at org.asynchttpclient.netty.timeout.TimeoutTimerTask.expire(TimeoutTimerTask.java:43)
at org.asynchttpclient.netty.timeout.RequestTimeoutTimerTask.run(RequestTimeoutTimerTask.java:50)
at io.netty.util.HashedWheelTimer$HashedWheelTimeout.run(HashedWheelTimer.java:715)
at io.netty.util.concurrent.ImmediateExecutor.execute(ImmediateExecutor.java:34)
at io.netty.util.HashedWheelTimer$HashedWheelTimeout.expire(HashedWheelTimer.java:703)
at io.netty.util.HashedWheelTimer$HashedWheelBucket.expireTimeouts(HashedWheelTimer.java:790)
at io.netty.util.HashedWheelTimer$Worker.run(HashedWheelTimer.java:503)
at io.netty.util.concurrent.FastThreadLocalRunnable.run(FastThreadLocalRunnable.java:30)
at java.base/java.lang.Thread.run(Thread.java:829)
... Removed 36 stack frames]]>
    </failure>
  </testcase> <!-- @BeforeMethod beforeMethod -->
  <testcase classname="testcases.Testcase1" name="@AfterMethod afterMethod" time="0.0">
    <skipped/>
  </testcase> <!-- @AfterMethod afterMethod -->
  <testcase classname="testcases.Testcase1" name="@BeforeMethod beforeMethod" time="0.0">
    <skipped/>
  </testcase> <!-- @BeforeMethod beforeMethod -->
  <testcase classname="testcases.Testcase1" name="@AfterMethod afterMethod" time="0.0">
    <skipped/>
  </testcase> <!-- @AfterMethod afterMethod -->
  <testcase classname="testcases.Testcase1" name="@BeforeMethod beforeMethod" time="0.0">
    <skipped/>
  </testcase> <!-- @BeforeMethod beforeMethod -->
  <testcase classname="testcases.Testcase1" name="@AfterMethod afterMethod" time="0.0">
    <skipped/>
  </testcase> <!-- @AfterMethod afterMethod -->
  <testcase classname="testcases.Testcase1" name="Register" time="0.0">
    <skipped/>
  </testcase> <!-- Register -->
  <testcase classname="testcases.Testcase1" name="Valid_Login_TC" time="0.0">
    <skipped/>
  </testcase> <!-- Valid_Login_TC -->
  <testcase classname="testcases.Testcase1" name="TC_Vote_003" time="0.0">
    <skipped/>
  </testcase> <!-- TC_Vote_003 -->
</testsuite> <!-- Surefire test -->
