<?xml version="1.0" encoding="UTF-8"?>
<testng-results ignored="0" total="3" passed="3" failed="0" skipped="0">
  <reporter-output>
  </reporter-output>
  <suite started-at="2023-08-10T14:30:01 UTC" name="Surefire suite" finished-at="2023-08-10T14:30:30 UTC" duration-ms="29016">
    <groups>
    </groups>
    <test started-at="2023-08-10T14:30:01 UTC" name="Surefire test" finished-at="2023-08-10T14:30:30 UTC" duration-ms="29016">
      <class name="testcases.Testcase1">
        <test-method is-config="true" signature="beforeMethod()[pri:0, instance:testcases.Testcase1@26d9b808]" started-at="2023-08-10T14:30:02 UTC" name="beforeMethod" finished-at="2023-08-10T14:30:07 UTC" duration-ms="5123" status="PASS">
          <reporter-output>
          </reporter-output>
        </test-method> <!-- beforeMethod -->
        <test-method signature="Register()[pri:1, instance:testcases.Testcase1@26d9b808]" started-at="2023-08-10T14:30:07 UTC" name="Register" finished-at="2023-08-10T14:30:16 UTC" duration-ms="9434" status="PASS">
          <reporter-output>
          </reporter-output>
        </test-method> <!-- Register -->
        <test-method is-config="true" signature="afterMethod()[pri:0, instance:testcases.Testcase1@26d9b808]" started-at="2023-08-10T14:30:16 UTC" name="afterMethod" finished-at="2023-08-10T14:30:17 UTC" duration-ms="514" status="PASS">
          <reporter-output>
          </reporter-output>
        </test-method> <!-- afterMethod -->
        <test-method is-config="true" signature="beforeMethod()[pri:0, instance:testcases.Testcase1@26d9b808]" started-at="2023-08-10T14:30:17 UTC" name="beforeMethod" finished-at="2023-08-10T14:30:20 UTC" duration-ms="2844" status="PASS">
          <reporter-output>
          </reporter-output>
        </test-method> <!-- beforeMethod -->
        <test-method signature="Valid_Login_TC(java.lang.String,java.lang.String)[pri:2, instance:testcases.Testcase1@26d9b808]" started-at="2023-08-10T14:30:20 UTC" name="Valid_Login_TC" data-provider="testData" finished-at="2023-08-10T14:30:24 UTC" duration-ms="3919" status="PASS">
          <params>
            <param index="0">
              <value>
                <![CDATA[test@demo.com]]>
              </value>
            </param>
            <param index="1">
              <value>
                <![CDATA[Test123$]]>
              </value>
            </param>
          </params>
          <reporter-output>
          </reporter-output>
        </test-method> <!-- Valid_Login_TC -->
        <test-method is-config="true" signature="afterMethod()[pri:0, instance:testcases.Testcase1@26d9b808]" started-at="2023-08-10T14:30:24 UTC" name="afterMethod" finished-at="2023-08-10T14:30:24 UTC" duration-ms="152" status="PASS">
          <reporter-output>
          </reporter-output>
        </test-method> <!-- afterMethod -->
        <test-method is-config="true" signature="beforeMethod()[pri:0, instance:testcases.Testcase1@26d9b808]" started-at="2023-08-10T14:30:24 UTC" name="beforeMethod" finished-at="2023-08-10T14:30:27 UTC" duration-ms="2612" status="PASS">
          <reporter-output>
          </reporter-output>
        </test-method> <!-- beforeMethod -->
        <test-method signature="TC_Vote_003()[pri:3, instance:testcases.Testcase1@26d9b808]" started-at="2023-08-10T14:30:27 UTC" name="TC_Vote_003" finished-at="2023-08-10T14:30:30 UTC" duration-ms="3322" status="PASS">
          <reporter-output>
          </reporter-output>
        </test-method> <!-- TC_Vote_003 -->
        <test-method is-config="true" signature="afterMethod()[pri:0, instance:testcases.Testcase1@26d9b808]" started-at="2023-08-10T14:30:30 UTC" name="afterMethod" finished-at="2023-08-10T14:30:30 UTC" duration-ms="228" status="PASS">
          <reporter-output>
          </reporter-output>
        </test-method> <!-- afterMethod -->
      </class> <!-- testcases.Testcase1 -->
    </test> <!-- Surefire test -->
  </suite> <!-- Surefire suite -->
</testng-results>
